<?xml version="1.0" encoding="UTF-8"?>
<!-- Generated by org.testng.reporters.JUnitXMLReporter -->
<testsuite ignored="0" hostname="DESKTOP-GF57R6E" failures="0" tests="4" name="Sanity-test" time="3.369" errors="0" timestamp="2023-08-07T20:02:25 AST">
  <testcase classname="API.New" name="get" time="2.134"/>
  <testcase classname="API.New" name="test" time="0.134"/>
  <testcase classname="API.New" name="add" time="0.259"/>
  <testcase classname="API.New" name="update" time="0.463"/>
</testsuite> <!-- Sanity-test -->
