<?xml version="1.0" encoding="UTF-8"?>
<!-- Generated by org.testng.reporters.JUnitXMLReporter -->
<testsuite ignored="0" hostname="DESKTOP-GF57R6E" failures="0" tests="5" name="Sanity-test" time="3.222" errors="0" timestamp="2023-08-07T21:15:27 AST">
  <testcase classname="API.New" name="get" time="1.771"/>
  <testcase classname="API.New" name="playaround" time="0.031"/>
  <testcase classname="API.New" name="test" time="0.114"/>
  <testcase classname="API.New" name="add" time="0.413"/>
  <testcase classname="API.New" name="update" time="0.574"/>
</testsuite> <!-- Sanity-test -->
