<?xml version="1.0" encoding="UTF-8"?>
<testng-results ignored="0" total="5" passed="5" failed="0" skipped="0">
  <reporter-output>
  </reporter-output>
  <suite started-at="2023-08-07T21:15:24 AST" name="API" finished-at="2023-08-07T21:15:27 AST" duration-ms="3222">
    <groups>
    </groups>
    <test started-at="2023-08-07T21:15:24 AST" name="Sanity-test" finished-at="2023-08-07T21:15:27 AST" duration-ms="3222">
      <class name="API.New">
        <test-method is-config="true" signature="beforeTest()[pri:0, instance:API.New@67a20f67]" started-at="2023-08-07T21:15:24 AST" name="beforeTest" finished-at="2023-08-07T21:15:24 AST" duration-ms="280" status="PASS">
          <reporter-output>
          </reporter-output>
        </test-method> <!-- beforeTest -->
        <test-method signature="get()[pri:0, instance:API.New@67a20f67]" started-at="2023-08-07T21:15:24 AST" name="get" finished-at="2023-08-07T21:15:26 AST" duration-ms="1771" status="PASS">
          <reporter-output>
          </reporter-output>
        </test-method> <!-- get -->
        <test-method signature="playaround()[pri:0, instance:API.New@67a20f67]" started-at="2023-08-07T21:15:26 AST" name="playaround" finished-at="2023-08-07T21:15:26 AST" duration-ms="31" status="PASS">
          <reporter-output>
          </reporter-output>
        </test-method> <!-- playaround -->
        <test-method is-config="true" signature="afterTest()[pri:0, instance:API.New@67a20f67]" started-at="2023-08-07T21:15:26 AST" name="afterTest" finished-at="2023-08-07T21:15:26 AST" duration-ms="0" status="PASS">
          <reporter-output>
          </reporter-output>
        </test-method> <!-- afterTest -->
        <test-method is-config="true" signature="beforeTest()[pri:0, instance:API.New@67a20f67]" started-at="2023-08-07T21:15:26 AST" name="beforeTest" finished-at="2023-08-07T21:15:26 AST" duration-ms="0" status="PASS">
          <reporter-output>
          </reporter-output>
        </test-method> <!-- beforeTest -->
        <test-method is-config="true" signature="afterTest()[pri:0, instance:API.New@67a20f67]" started-at="2023-08-07T21:15:26 AST" name="afterTest" finished-at="2023-08-07T21:15:26 AST" duration-ms="0" status="PASS">
          <reporter-output>
          </reporter-output>
        </test-method> <!-- afterTest -->
        <test-method signature="test()[pri:0, instance:API.New@67a20f67]" started-at="2023-08-07T21:15:26 AST" name="test" finished-at="2023-08-07T21:15:26 AST" duration-ms="114" status="PASS">
          <reporter-output>
          </reporter-output>
        </test-method> <!-- test -->
        <test-method is-config="true" signature="beforeTest()[pri:0, instance:API.New@67a20f67]" started-at="2023-08-07T21:15:26 AST" name="beforeTest" finished-at="2023-08-07T21:15:26 AST" duration-ms="0" status="PASS">
          <reporter-output>
          </reporter-output>
        </test-method> <!-- beforeTest -->
        <test-method is-config="true" signature="afterTest()[pri:0, instance:API.New@67a20f67]" started-at="2023-08-07T21:15:26 AST" name="afterTest" finished-at="2023-08-07T21:15:26 AST" duration-ms="0" status="PASS">
          <reporter-output>
          </reporter-output>
        </test-method> <!-- afterTest -->
        <test-method is-config="true" signature="beforeTest()[pri:0, instance:API.New@67a20f67]" started-at="2023-08-07T21:15:26 AST" name="beforeTest" finished-at="2023-08-07T21:15:26 AST" duration-ms="0" status="PASS">
          <reporter-output>
          </reporter-output>
        </test-method> <!-- beforeTest -->
        <test-method signature="add()[pri:1, instance:API.New@67a20f67]" started-at="2023-08-07T21:15:26 AST" name="add" finished-at="2023-08-07T21:15:26 AST" duration-ms="413" status="PASS">
          <reporter-output>
          </reporter-output>
        </test-method> <!-- add -->
        <test-method is-config="true" signature="afterTest()[pri:0, instance:API.New@67a20f67]" started-at="2023-08-07T21:15:26 AST" name="afterTest" finished-at="2023-08-07T21:15:26 AST" duration-ms="1" status="PASS">
          <reporter-output>
          </reporter-output>
        </test-method> <!-- afterTest -->
        <test-method is-config="true" signature="beforeTest()[pri:0, instance:API.New@67a20f67]" started-at="2023-08-07T21:15:26 AST" name="beforeTest" finished-at="2023-08-07T21:15:26 AST" duration-ms="1" status="PASS">
          <reporter-output>
          </reporter-output>
        </test-method> <!-- beforeTest -->
        <test-method signature="update()[pri:2, instance:API.New@67a20f67]" started-at="2023-08-07T21:15:26 AST" name="update" finished-at="2023-08-07T21:15:27 AST" duration-ms="574" status="PASS">
          <reporter-output>
          </reporter-output>
        </test-method> <!-- update -->
        <test-method is-config="true" signature="afterTest()[pri:0, instance:API.New@67a20f67]" started-at="2023-08-07T21:15:27 AST" name="afterTest" finished-at="2023-08-07T21:15:27 AST" duration-ms="0" status="PASS">
          <reporter-output>
          </reporter-output>
        </test-method> <!-- afterTest -->
      </class> <!-- API.New -->
    </test> <!-- Sanity-test -->
  </suite> <!-- API -->
</testng-results>
