<?xml version="1.0" encoding="UTF-8"?>
<testng-results ignored="0" total="4" passed="4" failed="0" skipped="0">
  <reporter-output>
  </reporter-output>
  <suite started-at="2023-08-07T20:02:22 AST" name="API" finished-at="2023-08-07T20:02:25 AST" duration-ms="3369">
    <groups>
    </groups>
    <test started-at="2023-08-07T20:02:22 AST" name="Sanity-test" finished-at="2023-08-07T20:02:25 AST" duration-ms="3369">
      <class name="API.New">
        <test-method is-config="true" signature="beforeTest()[pri:0, instance:API.New@2667f029]" started-at="2023-08-07T20:02:22 AST" name="beforeTest" finished-at="2023-08-07T20:02:22 AST" duration-ms="336" status="PASS">
          <reporter-output>
          </reporter-output>
        </test-method> <!-- beforeTest -->
        <test-method signature="get()[pri:0, instance:API.New@2667f029]" started-at="2023-08-07T20:02:22 AST" name="get" finished-at="2023-08-07T20:02:24 AST" duration-ms="2134" status="PASS">
          <reporter-output>
          </reporter-output>
        </test-method> <!-- get -->
        <test-method is-config="true" signature="afterTest()[pri:0, instance:API.New@2667f029]" started-at="2023-08-07T20:02:24 AST" name="afterTest" finished-at="2023-08-07T20:02:24 AST" duration-ms="0" status="PASS">
          <reporter-output>
          </reporter-output>
        </test-method> <!-- afterTest -->
        <test-method signature="test()[pri:0, instance:API.New@2667f029]" started-at="2023-08-07T20:02:24 AST" name="test" finished-at="2023-08-07T20:02:25 AST" duration-ms="134" status="PASS">
          <reporter-output>
          </reporter-output>
        </test-method> <!-- test -->
        <test-method is-config="true" signature="beforeTest()[pri:0, instance:API.New@2667f029]" started-at="2023-08-07T20:02:24 AST" name="beforeTest" finished-at="2023-08-07T20:02:24 AST" duration-ms="0" status="PASS">
          <reporter-output>
          </reporter-output>
        </test-method> <!-- beforeTest -->
        <test-method signature="add()[pri:1, instance:API.New@2667f029]" started-at="2023-08-07T20:02:25 AST" name="add" finished-at="2023-08-07T20:02:25 AST" duration-ms="259" status="PASS">
          <reporter-output>
          </reporter-output>
        </test-method> <!-- add -->
        <test-method is-config="true" signature="afterTest()[pri:0, instance:API.New@2667f029]" started-at="2023-08-07T20:02:25 AST" name="afterTest" finished-at="2023-08-07T20:02:25 AST" duration-ms="0" status="PASS">
          <reporter-output>
          </reporter-output>
        </test-method> <!-- afterTest -->
        <test-method is-config="true" signature="beforeTest()[pri:0, instance:API.New@2667f029]" started-at="2023-08-07T20:02:25 AST" name="beforeTest" finished-at="2023-08-07T20:02:25 AST" duration-ms="0" status="PASS">
          <reporter-output>
          </reporter-output>
        </test-method> <!-- beforeTest -->
        <test-method signature="update()[pri:2, instance:API.New@2667f029]" started-at="2023-08-07T20:02:25 AST" name="update" finished-at="2023-08-07T20:02:25 AST" duration-ms="463" status="PASS">
          <reporter-output>
          </reporter-output>
        </test-method> <!-- update -->
        <test-method is-config="true" signature="afterTest()[pri:0, instance:API.New@2667f029]" started-at="2023-08-07T20:02:25 AST" name="afterTest" finished-at="2023-08-07T20:02:25 AST" duration-ms="0" status="PASS">
          <reporter-output>
          </reporter-output>
        </test-method> <!-- afterTest -->
        <test-method is-config="true" signature="beforeTest()[pri:0, instance:API.New@2667f029]" started-at="2023-08-07T20:02:25 AST" name="beforeTest" finished-at="2023-08-07T20:02:25 AST" duration-ms="0" status="PASS">
          <reporter-output>
          </reporter-output>
        </test-method> <!-- beforeTest -->
        <test-method is-config="true" signature="afterTest()[pri:0, instance:API.New@2667f029]" started-at="2023-08-07T20:02:25 AST" name="afterTest" finished-at="2023-08-07T20:02:25 AST" duration-ms="2" status="PASS">
          <reporter-output>
          </reporter-output>
        </test-method> <!-- afterTest -->
      </class> <!-- API.New -->
    </test> <!-- Sanity-test -->
  </suite> <!-- API -->
</testng-results>
