<?xml version="1.0" encoding="UTF-8"?>
<testsuite xmlns:xsi="http://www.w3.org/2001/XMLSchema-instance" xsi:noNamespaceSchemaLocation="https://maven.apache.org/surefire/maven-surefire-plugin/xsd/surefire-test-report-3.0.xsd" version="3.0" name="TestSuite" time="3.947" tests="4" errors="0" skipped="0" failures="0">
  <properties>
[...]
</properties>
  <testcase name="get" classname="API.New" time="2.135">
    <system-out><![CDATA[HTTP/1.1 200 OK
Date: Mon, 07 Aug 2023 17:02:24 GMT
Server: Apache/2.4.52 (Ubuntu)
Access-Control-Allow-Origin: *
Access-Control-Allow-Methods: POST
Access-Control-Max-Age: 3600
Access-Control-Allow-Headers: Content-Type, Access-Control-Allow-Headers, Authorization, X-Requested-With
Content-Length: 251
Keep-Alive: timeout=5, max=100
Connection: Keep-Alive
Content-Type: application/json;charset=UTF-8

{
    "location": {
        "latitude": "-38.383494",
        "longitude": "33.427362"
    },
    "accuracy": "50",
    "name": "Frontline house",
    "phone_number": "(+91) 983 893 3937",
    "address": "70 Summer walk, USA",
    "types": "shoe park,shop",
    "website": "http://google.com",
    "language": "French-IN"
}
]]></system-out>
    <system-err><![CDATA[SLF4J: Failed to load class "org.slf4j.impl.StaticLoggerBinder".
SLF4J: Defaulting to no-operation (NOP) logger implementation
SLF4J: See http://www.slf4j.org/codes.html#StaticLoggerBinder for further details.
]]></system-err>
  </testcase>
  <testcase name="test" classname="API.New" time="0.134"/>
  <testcase name="add" classname="API.New" time="0.261">
    <system-out><![CDATA[{"status":"OK","place_id":"ff4c91b64e5bc7ff45f3842fabf3eb51","scope":"APP","reference":"9b4ff8753ada258246da83eaf518a6d89b4ff8753ada258246da83eaf518a6d8","id":"9b4ff8753ada258246da83eaf518a6d8"}
ff4c91b64e5bc7ff45f3842fabf3eb51
]]></system-out>
  </testcase>
  <testcase name="update" classname="API.New" time="0.464">
    <system-out><![CDATA[Request method:	PUT
Request URI:	https://rahulshettyacademy.com/maps/api/place/update/json?key=qaclick123
Proxy:			<none>
Request params:	<none>
Query params:	key=qaclick123
Form params:	<none>
Path params:	<none>
Headers:		Accept=*/*
				Content-Type=application/json
Cookies:		<none>
Multiparts:		<none>
Body:
{
    "address": "70 Summer walk, USA",
    "place_id": "ff4c91b64e5bc7ff45f3842fabf3eb51",
    "key": "qaclick123"
}
HTTP/1.1 200 OK
Date: Mon, 07 Aug 2023 17:02:26 GMT
Server: Apache/2.4.52 (Ubuntu)
Access-Control-Allow-Origin: *
Access-Control-Allow-Methods: POST
Access-Control-Max-Age: 3600
Access-Control-Allow-Headers: Content-Type, Access-Control-Allow-Headers, Authorization, X-Requested-With
Content-Length: 38
Keep-Alive: timeout=5, max=100
Connection: Keep-Alive
Content-Type: application/json;charset=UTF-8

{
    "msg": "Address successfully updated"
}
]]></system-out>
  </testcase>
</testsuite>